mode: atomic
github.com/pygzfei/gorm-dbup/internal/utils/trim_sql.go:8.39,13.2 4 44
github.com/pygzfei/gorm-dbup/internal/utils/trim_sql.go:16.39,18.2 1 44
github.com/pygzfei/gorm-dbup/internal/utils/trim_sql.go:20.39,24.2 3 44
github.com/pygzfei/gorm-dbup/internal/utils/trim_sql.go:27.56,28.20 1 4856
github.com/pygzfei/gorm-dbup/internal/utils/trim_sql.go:28.20,30.3 1 4812
github.com/pygzfei/gorm-dbup/internal/utils/trim_sql.go:30.8,32.3 1 44
github.com/pygzfei/gorm-dbup/internal/utils/trim_sql.go:43.73,46.18 2 19
github.com/pygzfei/gorm-dbup/internal/utils/trim_sql.go:85.2,87.19 2 19
github.com/pygzfei/gorm-dbup/internal/utils/trim_sql.go:94.2,94.15 1 19
github.com/pygzfei/gorm-dbup/internal/utils/trim_sql.go:47.13,48.27 1 3
github.com/pygzfei/gorm-dbup/internal/utils/trim_sql.go:56.3,56.8 1 3
github.com/pygzfei/gorm-dbup/internal/utils/trim_sql.go:57.12,58.27 1 16
github.com/pygzfei/gorm-dbup/internal/utils/trim_sql.go:65.3,65.8 1 16
github.com/pygzfei/gorm-dbup/internal/utils/trim_sql.go:66.14,67.27 1 0
github.com/pygzfei/gorm-dbup/internal/utils/trim_sql.go:80.3,80.8 1 0
github.com/pygzfei/gorm-dbup/internal/utils/trim_sql.go:81.10,82.8 1 0
github.com/pygzfei/gorm-dbup/internal/utils/trim_sql.go:48.27,51.34 3 1011
github.com/pygzfei/gorm-dbup/internal/utils/trim_sql.go:51.34,53.10 2 3
github.com/pygzfei/gorm-dbup/internal/utils/trim_sql.go:58.27,61.18 2 404
github.com/pygzfei/gorm-dbup/internal/utils/trim_sql.go:61.18,62.10 1 16
github.com/pygzfei/gorm-dbup/internal/utils/trim_sql.go:67.27,72.36 3 0
github.com/pygzfei/gorm-dbup/internal/utils/trim_sql.go:72.36,74.13 2 0
github.com/pygzfei/gorm-dbup/internal/utils/trim_sql.go:75.10,75.25 1 0
github.com/pygzfei/gorm-dbup/internal/utils/trim_sql.go:75.25,76.10 1 0
github.com/pygzfei/gorm-dbup/internal/utils/trim_sql.go:87.19,89.3 1 0
github.com/pygzfei/gorm-dbup/internal/utils/trim_sql.go:89.8,92.3 1 19
github.com/pygzfei/gorm-dbup/internal/utils/trim_sql.go:98.70,108.39 5 44
github.com/pygzfei/gorm-dbup/internal/utils/trim_sql.go:158.2,158.15 1 44
github.com/pygzfei/gorm-dbup/internal/utils/trim_sql.go:108.39,132.33 6 3845
github.com/pygzfei/gorm-dbup/internal/utils/trim_sql.go:150.3,150.25 1 3845
github.com/pygzfei/gorm-dbup/internal/utils/trim_sql.go:132.33,137.4 2 16
github.com/pygzfei/gorm-dbup/internal/utils/trim_sql.go:137.9,137.40 1 3829
github.com/pygzfei/gorm-dbup/internal/utils/trim_sql.go:137.40,142.4 2 3
github.com/pygzfei/gorm-dbup/internal/utils/trim_sql.go:142.9,142.24 1 3826
github.com/pygzfei/gorm-dbup/internal/utils/trim_sql.go:142.24,147.4 2 0
github.com/pygzfei/gorm-dbup/internal/utils/trim_sql.go:150.25,152.4 1 3826
github.com/pygzfei/gorm-dbup/internal/utils/trim_sql.go:152.9,155.4 2 19
github.com/pygzfei/gorm-dbup/internal/dbup.go:32.29,34.2 1 2
github.com/pygzfei/gorm-dbup/internal/dbup.go:37.45,39.16 2 2
github.com/pygzfei/gorm-dbup/internal/dbup.go:42.2,42.26 1 2
github.com/pygzfei/gorm-dbup/internal/dbup.go:39.16,41.3 1 0
github.com/pygzfei/gorm-dbup/internal/dbup.go:46.57,52.26 4 2
github.com/pygzfei/gorm-dbup/internal/dbup.go:58.2,60.22 2 2
github.com/pygzfei/gorm-dbup/internal/dbup.go:72.2,72.12 1 1
github.com/pygzfei/gorm-dbup/internal/dbup.go:52.26,53.17 1 0
github.com/pygzfei/gorm-dbup/internal/dbup.go:53.17,55.4 1 0
github.com/pygzfei/gorm-dbup/internal/dbup.go:60.22,62.3 1 1
github.com/pygzfei/gorm-dbup/internal/dbup.go:62.8,68.24 3 1
github.com/pygzfei/gorm-dbup/internal/dbup.go:68.24,70.4 1 0
github.com/pygzfei/gorm-dbup/internal/dbup.go:76.53,79.16 3 2
github.com/pygzfei/gorm-dbup/internal/dbup.go:82.2,82.48 1 2
github.com/pygzfei/gorm-dbup/internal/dbup.go:79.16,81.3 1 0
github.com/pygzfei/gorm-dbup/internal/dbup.go:82.48,84.17 2 2
github.com/pygzfei/gorm-dbup/internal/dbup.go:87.3,87.34 1 2
github.com/pygzfei/gorm-dbup/internal/dbup.go:117.3,117.13 1 2
github.com/pygzfei/gorm-dbup/internal/dbup.go:84.17,86.4 1 0
github.com/pygzfei/gorm-dbup/internal/dbup.go:87.34,88.32 1 3
github.com/pygzfei/gorm-dbup/internal/dbup.go:91.4,92.18 2 3
github.com/pygzfei/gorm-dbup/internal/dbup.go:95.4,95.26 1 3
github.com/pygzfei/gorm-dbup/internal/dbup.go:98.4,99.37 2 3
github.com/pygzfei/gorm-dbup/internal/dbup.go:111.4,112.18 2 3
github.com/pygzfei/gorm-dbup/internal/dbup.go:115.4,115.58 1 3
github.com/pygzfei/gorm-dbup/internal/dbup.go:88.32,89.13 1 0
github.com/pygzfei/gorm-dbup/internal/dbup.go:92.18,94.5 1 0
github.com/pygzfei/gorm-dbup/internal/dbup.go:95.26,96.13 1 0
github.com/pygzfei/gorm-dbup/internal/dbup.go:99.37,101.16 2 47
github.com/pygzfei/gorm-dbup/internal/dbup.go:104.5,107.19 4 44
github.com/pygzfei/gorm-dbup/internal/dbup.go:101.16,102.14 1 3
github.com/pygzfei/gorm-dbup/internal/dbup.go:107.19,109.6 1 0
github.com/pygzfei/gorm-dbup/internal/dbup.go:112.18,114.5 1 0
github.com/pygzfei/gorm-dbup/internal/dbup.go:122.50,123.25 1 3
github.com/pygzfei/gorm-dbup/internal/dbup.go:128.2,128.14 1 3
github.com/pygzfei/gorm-dbup/internal/dbup.go:123.25,124.15 1 2
github.com/pygzfei/gorm-dbup/internal/dbup.go:124.15,126.4 1 0
github.com/pygzfei/gorm-dbup/internal/dbup.go:132.69,134.16 2 2
github.com/pygzfei/gorm-dbup/internal/dbup.go:137.2,137.37 1 2
github.com/pygzfei/gorm-dbup/internal/dbup.go:142.2,142.23 1 2
github.com/pygzfei/gorm-dbup/internal/dbup.go:134.16,136.3 1 0
github.com/pygzfei/gorm-dbup/internal/dbup.go:137.37,138.66 1 3
github.com/pygzfei/gorm-dbup/internal/dbup.go:138.66,140.4 1 3
github.com/pygzfei/gorm-dbup/pkg/migration.go:6.69,8.2 1 2
